0 info it worked if it ends with ok
1 verbose cli [ 'node', '/usr/local/bin/npm', 'install', 'cookieParser' ]
2 info using npm@1.4.28
3 info using node@v0.10.32
4 warn package.json index.js@1.0.0 No repository field.
5 warn package.json index.js@1.0.0 No README data
6 verbose readDependencies using package.json deps
7 verbose cache add [ 'cookieParser', null ]
8 verbose cache add name=undefined spec="cookieParser" args=["cookieParser",null]
9 verbose parsed url { protocol: null,
9 verbose parsed url   slashes: null,
9 verbose parsed url   auth: null,
9 verbose parsed url   host: null,
9 verbose parsed url   port: null,
9 verbose parsed url   hostname: null,
9 verbose parsed url   hash: null,
9 verbose parsed url   search: null,
9 verbose parsed url   query: null,
9 verbose parsed url   pathname: 'cookieParser',
9 verbose parsed url   path: 'cookieParser',
9 verbose parsed url   href: 'cookieParser' }
10 silly lockFile 0e37acdf-cookieParser cookieParser
11 verbose lock cookieParser /Users/PrashMaya/.npm/0e37acdf-cookieParser.lock
12 silly lockFile 0e37acdf-cookieParser cookieParser
13 silly lockFile 0e37acdf-cookieParser cookieParser
14 verbose addNamed [ 'cookieParser', '' ]
15 verbose addNamed [ null, '*' ]
16 silly lockFile 74f56a99-cookieParser cookieParser@
17 verbose lock cookieParser@ /Users/PrashMaya/.npm/74f56a99-cookieParser.lock
18 silly addNameRange { name: 'cookieParser', range: '*', hasData: false }
19 verbose request where is /cookieParser
20 verbose request registry https://registry.npmjs.org/
21 verbose request id 29ccb80c6c2ae8b6
22 verbose url raw /cookieParser
23 verbose url resolving [ 'https://registry.npmjs.org/', './cookieParser' ]
24 verbose url resolved https://registry.npmjs.org/cookieParser
25 verbose request where is https://registry.npmjs.org/cookieParser
26 info trying registry request attempt 1 at 01:50:17
27 http GET https://registry.npmjs.org/cookieParser
28 http 404 https://registry.npmjs.org/cookieParser
29 verbose headers { server: 'CouchDB/1.5.0 (Erlang OTP/R16B03)',
29 verbose headers   'content-type': 'application/json',
29 verbose headers   'cache-control': 'max-age=0',
29 verbose headers   'content-length': '51',
29 verbose headers   'accept-ranges': 'bytes',
29 verbose headers   date: 'Wed, 13 May 2015 08:50:17 GMT',
29 verbose headers   via: '1.1 varnish',
29 verbose headers   age: '0',
29 verbose headers   connection: 'keep-alive',
29 verbose headers   'x-served-by': 'cache-sjc3128-SJC',
29 verbose headers   'x-cache': 'MISS',
29 verbose headers   'x-cache-hits': '0',
29 verbose headers   'x-timer': 'S1431507017.605915,VS0,VE38' }
30 silly registry.get cb [ 404,
30 silly registry.get   { server: 'CouchDB/1.5.0 (Erlang OTP/R16B03)',
30 silly registry.get     'content-type': 'application/json',
30 silly registry.get     'cache-control': 'max-age=0',
30 silly registry.get     'content-length': '51',
30 silly registry.get     'accept-ranges': 'bytes',
30 silly registry.get     date: 'Wed, 13 May 2015 08:50:17 GMT',
30 silly registry.get     via: '1.1 varnish',
30 silly registry.get     age: '0',
30 silly registry.get     connection: 'keep-alive',
30 silly registry.get     'x-served-by': 'cache-sjc3128-SJC',
30 silly registry.get     'x-cache': 'MISS',
30 silly registry.get     'x-cache-hits': '0',
30 silly registry.get     'x-timer': 'S1431507017.605915,VS0,VE38' } ]
31 silly lockFile 74f56a99-cookieParser cookieParser@
32 silly lockFile 74f56a99-cookieParser cookieParser@
33 error 404 404 Not Found: cookieParser
33 error 404
33 error 404 'cookieParser' is not in the npm registry.
33 error 404 You should bug the author to publish it
33 error 404 It was specified as a dependency of 'index.js'
33 error 404
33 error 404 Note that you can also install from a
33 error 404 tarball, folder, or http url, or git url.
34 error System Darwin 14.3.0
35 error command "node" "/usr/local/bin/npm" "install" "cookieParser"
36 error cwd /Users/PrashMaya/Documents/twitter_clone
37 error node -v v0.10.32
38 error npm -v 1.4.28
39 error code E404
40 verbose exit [ 1, true ]
